# JRE version: OpenJDK Runtime Environment (16.0.2+7) (build 16.0.2+7-67)
# Java VM: OpenJDK 64-Bit Server VM (16.0.2+7-67, mixed mode, tiered, compressed oops, compressed class ptrs, g1 gc, windows-amd64)
GC Precious Log:
 CPUs: 12 total, 12 available
 Memory: 15665M
 Large Page Support: Disabled
 NUMA Support: Disabled
 Compressed Oops: Enabled (Zero based)
 Heap Region Size: 2M
 Heap Min Capacity: 8M
 Heap Initial Capacity: 246M
 Heap Max Capacity: 3918M
 Pre-touch: Disabled
 Parallel Workers: 10
 Concurrent Workers: 3
 Concurrent Refinement Workers: 10
 Periodic GC: Disabled
Heap:
 garbage-first heap   total 819200K, used 661042K [0x000000070b200000, 0x0000000800000000)
  region size 2048K, 151 young (309248K), 3 survivors (6144K)
 Metaspace       used 66672K, committed 67200K, reserved 1114112K
  class space    used 8606K, committed 8832K, reserved 1048576K
GC Heap History (20 events):
Event: 397.020 GC heap after
{Heap after GC invocations=172 (full 0):
 garbage-first heap   total 819200K, used 356106K [0x000000070b200000, 0x0000000800000000)
  region size 2048K, 12 young (24576K), 12 survivors (24576K)
 Metaspace       used 66623K, committed 67136K, reserved 1114112K
  class space    used 8603K, committed 8832K, reserved 1048576K
}
Event: 413.054 GC heap before
{Heap before GC invocations=172 (full 0):
 garbage-first heap   total 819200K, used 620298K [0x000000070b200000, 0x0000000800000000)
  region size 2048K, 142 young (290816K), 12 survivors (24576K)
 Metaspace       used 66623K, committed 67136K, reserved 1114112K
  class space    used 8603K, committed 8832K, reserved 1048576K
}
Event: 413.057 GC heap after
{Heap after GC invocations=173 (full 0):
 garbage-first heap   total 819200K, used 348601K [0x000000070b200000, 0x0000000800000000)
  region size 2048K, 8 young (16384K), 8 survivors (16384K)
 Metaspace       used 66623K, committed 67136K, reserved 1114112K
  class space    used 8603K, committed 8832K, reserved 1048576K
}
Event: 431.813 GC heap before
{Heap before GC invocations=173 (full 0):
 garbage-first heap   total 819200K, used 631225K [0x000000070b200000, 0x0000000800000000)
  region size 2048K, 147 young (301056K), 8 survivors (16384K)
 Metaspace       used 66623K, committed 67136K, reserved 1114112K
  class space    used 8603K, committed 8832K, reserved 1048576K
}
Event: 431.817 GC heap after
{Heap after GC invocations=174 (full 0):
 garbage-first heap   total 819200K, used 348028K [0x000000070b200000, 0x0000000800000000)
  region size 2048K, 8 young (16384K), 8 survivors (16384K)
 Metaspace       used 66623K, committed 67136K, reserved 1114112K
  class space    used 8603K, committed 8832K, reserved 1048576K
}
Event: 448.224 GC heap before
{Heap before GC invocations=174 (full 0):
 garbage-first heap   total 819200K, used 642940K [0x000000070b200000, 0x0000000800000000)
  region size 2048K, 153 young (313344K), 8 survivors (16384K)
 Metaspace       used 66623K, committed 67136K, reserved 1114112K
  class space    used 8603K, committed 8832K, reserved 1048576K
}
Event: 448.228 GC heap after
{Heap after GC invocations=175 (full 0):
 garbage-first heap   total 819200K, used 352695K [0x000000070b200000, 0x0000000800000000)
  region size 2048K, 10 young (20480K), 10 survivors (20480K)
 Metaspace       used 66623K, committed 67136K, reserved 1114112K
  class space    used 8603K, committed 8832K, reserved 1048576K
}
Event: 466.431 GC heap before
{Heap before GC invocations=175 (full 0):
 garbage-first heap   total 819200K, used 647607K [0x000000070b200000, 0x0000000800000000)
  region size 2048K, 155 young (317440K), 10 survivors (20480K)
 Metaspace       used 66623K, committed 67136K, reserved 1114112K
  class space    used 8603K, committed 8832K, reserved 1048576K
}
Event: 466.434 GC heap after
{Heap after GC invocations=176 (full 0):
 garbage-first heap   total 819200K, used 352040K [0x000000070b200000, 0x0000000800000000)
  region size 2048K, 10 young (20480K), 10 survivors (20480K)
 Metaspace       used 66623K, committed 67136K, reserved 1114112K
  class space    used 8603K, committed 8832K, reserved 1048576K
}
Event: 488.929 GC heap before
{Heap before GC invocations=176 (full 0):
 garbage-first heap   total 819200K, used 653096K [0x000000070b200000, 0x0000000800000000)
  region size 2048K, 157 young (321536K), 10 survivors (20480K)
 Metaspace       used 66623K, committed 67136K, reserved 1114112K
  class space    used 8603K, committed 8832K, reserved 1048576K
}
Event: 488.931 GC heap after
{Heap after GC invocations=177 (full 0):
 garbage-first heap   total 819200K, used 344489K [0x000000070b200000, 0x0000000800000000)
  region size 2048K, 6 young (12288K), 6 survivors (12288K)
 Metaspace       used 66623K, committed 67136K, reserved 1114112K
  class space    used 8603K, committed 8832K, reserved 1048576K
}
Event: 515.528 GC heap before
{Heap before GC invocations=177 (full 0):
 garbage-first heap   total 819200K, used 661929K [0x000000070b200000, 0x0000000800000000)
  region size 2048K, 161 young (329728K), 6 survivors (12288K)
 Metaspace       used 66649K, committed 67136K, reserved 1114112K
  class space    used 8604K, committed 8832K, reserved 1048576K
}
Event: 515.532 GC heap after
{Heap after GC invocations=178 (full 0):
 garbage-first heap   total 819200K, used 351104K [0x000000070b200000, 0x0000000800000000)
  region size 2048K, 10 young (20480K), 10 survivors (20480K)
 Metaspace       used 66649K, committed 67136K, reserved 1114112K
  class space    used 8604K, committed 8832K, reserved 1048576K
}
Event: 535.854 GC heap before
{Heap before GC invocations=178 (full 0):
 garbage-first heap   total 819200K, used 660352K [0x000000070b200000, 0x0000000800000000)
  region size 2048K, 162 young (331776K), 10 survivors (20480K)
 Metaspace       used 66649K, committed 67136K, reserved 1114112K
  class space    used 8604K, committed 8832K, reserved 1048576K
}
Event: 535.858 GC heap after
{Heap after GC invocations=179 (full 0):
 garbage-first heap   total 819200K, used 353692K [0x000000070b200000, 0x0000000800000000)
  region size 2048K, 11 young (22528K), 11 survivors (22528K)
 Metaspace       used 66649K, committed 67136K, reserved 1114112K
  class space    used 8604K, committed 8832K, reserved 1048576K
}
Event: 556.333 GC heap before
{Heap before GC invocations=179 (full 0):
 garbage-first heap   total 819200K, used 662940K [0x000000070b200000, 0x0000000800000000)
  region size 2048K, 162 young (331776K), 11 survivors (22528K)
 Metaspace       used 66649K, committed 67136K, reserved 1114112K
  class space    used 8604K, committed 8832K, reserved 1048576K
}
Event: 556.337 GC heap after
{Heap after GC invocations=180 (full 0):
 garbage-first heap   total 819200K, used 352527K [0x000000070b200000, 0x0000000800000000)
  region size 2048K, 10 young (20480K), 10 survivors (20480K)
 Metaspace       used 66649K, committed 67136K, reserved 1114112K
  class space    used 8604K, committed 8832K, reserved 1048576K
}
Event: 575.296 GC heap before
{Heap before GC invocations=180 (full 0):
 garbage-first heap   total 819200K, used 661775K [0x000000070b200000, 0x0000000800000000)
  region size 2048K, 162 young (331776K), 10 survivors (20480K)
 Metaspace       used 66649K, committed 67136K, reserved 1114112K
  class space    used 8604K, committed 8832K, reserved 1048576K
}
Event: 575.301 GC heap after
{Heap after GC invocations=181 (full 0):
 garbage-first heap   total 819200K, used 357938K [0x000000070b200000, 0x0000000800000000)
  region size 2048K, 13 young (26624K), 13 survivors (26624K)
 Metaspace       used 66649K, committed 67136K, reserved 1114112K
  class space    used 8604K, committed 8832K, reserved 1048576K
}
Event: 583.959 GC heap before
{Heap before GC invocations=181 (full 0):
 garbage-first heap   total 819200K, used 658994K [0x000000070b200000, 0x0000000800000000)
  region size 2048K, 161 young (329728K), 13 survivors (26624K)
 Metaspace       used 66672K, committed 67200K, reserved 1114112K
  class space    used 8606K, committed 8832K, reserved 1048576K
}

